# JRE version: Java(TM) SE Runtime Environment (8.0_251-b08) (build 1.8.0_251-b08)
# Java VM: Java HotSpot(TM) 64-Bit Server VM (25.251-b08 mixed mode windows-amd64 compressed oops)
Heap:
 PSYoungGen      total 70656K, used 47839K [0x00000000eb580000, 0x00000000f4580000, 0x0000000100000000)
  eden space 62976K, 63% used [0x00000000eb580000,0x00000000edcb7c60,0x00000000ef300000)
  from space 7680K, 100% used [0x00000000ef300000,0x00000000efa80000,0x00000000efa80000)
  to   space 10752K, 0% used [0x00000000f3b00000,0x00000000f3b00000,0x00000000f4580000)
 ParOldGen       total 42496K, used 14224K [0x00000000c2000000, 0x00000000c4980000, 0x00000000eb580000)
  object space 42496K, 33% used [0x00000000c2000000,0x00000000c2de41a0,0x00000000c4980000)
 Metaspace       used 18051K, capacity 18480K, committed 18688K, reserved 1064960K
  class space    used 2092K, capacity 2218K, committed 2304K, reserved 1048576K
GC Heap History (10 events):
Event: 1.579 GC heap before
{Heap before GC invocations=3 (full 0):
 PSYoungGen      total 18432K, used 18416K [0x00000000eb580000, 0x00000000ed980000, 0x0000000100000000)
  eden space 15872K, 100% used [0x00000000eb580000,0x00000000ec500000,0x00000000ec500000)
  from space 2560K, 99% used [0x00000000ec780000,0x00000000ec9fc088,0x00000000eca00000)
  to   space 2560K, 0% used [0x00000000ec500000,0x00000000ec500000,0x00000000ec780000)
 ParOldGen       total 42496K, used 1897K [0x00000000c2000000, 0x00000000c4980000, 0x00000000eb580000)
  object space 42496K, 4% used [0x00000000c2000000,0x00000000c21da498,0x00000000c4980000)
 Metaspace       used 10228K, capacity 10426K, committed 10624K, reserved 1058816K
  class space    used 1215K, capacity 1283K, committed 1408K, reserved 1048576K
Event: 1.584 GC heap after
Heap after GC invocations=3 (full 0):
 PSYoungGen      total 18432K, used 2528K [0x00000000eb580000, 0x00000000ed980000, 0x0000000100000000)
  eden space 15872K, 0% used [0x00000000eb580000,0x00000000eb580000,0x00000000ec500000)
  from space 2560K, 98% used [0x00000000ec500000,0x00000000ec778020,0x00000000ec780000)
  to   space 2560K, 0% used [0x00000000ed700000,0x00000000ed700000,0x00000000ed980000)
 ParOldGen       total 42496K, used 3754K [0x00000000c2000000, 0x00000000c4980000, 0x00000000eb580000)
  object space 42496K, 8% used [0x00000000c2000000,0x00000000c23aaae8,0x00000000c4980000)
 Metaspace       used 10228K, capacity 10426K, committed 10624K, reserved 1058816K
  class space    used 1215K, capacity 1283K, committed 1408K, reserved 1048576K
}
Event: 1.872 GC heap before
{Heap before GC invocations=4 (full 0):
 PSYoungGen      total 18432K, used 18400K [0x00000000eb580000, 0x00000000ed980000, 0x0000000100000000)
  eden space 15872K, 100% used [0x00000000eb580000,0x00000000ec500000,0x00000000ec500000)
  from space 2560K, 98% used [0x00000000ec500000,0x00000000ec778020,0x00000000ec780000)
  to   space 2560K, 0% used [0x00000000ed700000,0x00000000ed700000,0x00000000ed980000)
 ParOldGen       total 42496K, used 3754K [0x00000000c2000000, 0x00000000c4980000, 0x00000000eb580000)
  object space 42496K, 8% used [0x00000000c2000000,0x00000000c23aaae8,0x00000000c4980000)
 Metaspace       used 12049K, capacity 12272K, committed 12416K, reserved 1060864K
  class space    used 1461K, capacity 1580K, committed 1664K, reserved 1048576K
Event: 1.879 GC heap after
Heap after GC invocations=4 (full 0):
 PSYoungGen      total 34304K, used 2560K [0x00000000eb580000, 0x00000000ed980000, 0x0000000100000000)
  eden space 31744K, 0% used [0x00000000eb580000,0x00000000eb580000,0x00000000ed480000)
  from space 2560K, 100% used [0x00000000ed700000,0x00000000ed980000,0x00000000ed980000)
  to   space 2560K, 0% used [0x00000000ed480000,0x00000000ed480000,0x00000000ed700000)
 ParOldGen       total 42496K, used 5852K [0x00000000c2000000, 0x00000000c4980000, 0x00000000eb580000)
  object space 42496K, 13% used [0x00000000c2000000,0x00000000c25b70b8,0x00000000c4980000)
 Metaspace       used 12049K, capacity 12272K, committed 12416K, reserved 1060864K
  class space    used 1461K, capacity 1580K, committed 1664K, reserved 1048576K
}
Event: 2.688 GC heap before
{Heap before GC invocations=5 (full 0):
 PSYoungGen      total 34304K, used 34304K [0x00000000eb580000, 0x00000000ed980000, 0x0000000100000000)
  eden space 31744K, 100% used [0x00000000eb580000,0x00000000ed480000,0x00000000ed480000)
  from space 2560K, 100% used [0x00000000ed700000,0x00000000ed980000,0x00000000ed980000)
  to   space 2560K, 0% used [0x00000000ed480000,0x00000000ed480000,0x00000000ed700000)
 ParOldGen       total 42496K, used 5852K [0x00000000c2000000, 0x00000000c4980000, 0x00000000eb580000)
  object space 42496K, 13% used [0x00000000c2000000,0x00000000c25b70b8,0x00000000c4980000)
 Metaspace       used 15386K, capacity 15636K, committed 15872K, reserved 1062912K
  class space    used 1871K, capacity 1980K, committed 2048K, reserved 1048576K
Event: 2.699 GC heap after
Heap after GC invocations=5 (full 0):
 PSYoungGen      total 34304K, used 2560K [0x00000000eb580000, 0x00000000f0180000, 0x0000000100000000)
  eden space 31744K, 0% used [0x00000000eb580000,0x00000000eb580000,0x00000000ed480000)
  from space 2560K, 100% used [0x00000000ed480000,0x00000000ed700000,0x00000000ed700000)
  to   space 7168K, 0% used [0x00000000efa80000,0x00000000efa80000,0x00000000f0180000)
 ParOldGen       total 42496K, used 10592K [0x00000000c2000000, 0x00000000c4980000, 0x00000000eb580000)
  object space 42496K, 24% used [0x00000000c2000000,0x00000000c2a583d0,0x00000000c4980000)
 Metaspace       used 15386K, capacity 15636K, committed 15872K, reserved 1062912K
  class space    used 1871K, capacity 1980K, committed 2048K, reserved 1048576K
}
Event: 3.212 GC heap before
{Heap before GC invocations=6 (full 0):
 PSYoungGen      total 34304K, used 34304K [0x00000000eb580000, 0x00000000f0180000, 0x0000000100000000)
  eden space 31744K, 100% used [0x00000000eb580000,0x00000000ed480000,0x00000000ed480000)
  from space 2560K, 100% used [0x00000000ed480000,0x00000000ed700000,0x00000000ed700000)
  to   space 7168K, 0% used [0x00000000efa80000,0x00000000efa80000,0x00000000f0180000)
 ParOldGen       total 42496K, used 10592K [0x00000000c2000000, 0x00000000c4980000, 0x00000000eb580000)
  object space 42496K, 24% used [0x00000000c2000000,0x00000000c2a583d0,0x00000000c4980000)
 Metaspace       used 15755K, capacity 16058K, committed 16384K, reserved 1062912K
  class space    used 1881K, capacity 2013K, committed 2048K, reserved 1048576K
Event: 3.230 GC heap after
Heap after GC invocations=6 (full 0):
 PSYoungGen      total 70144K, used 5977K [0x00000000eb580000, 0x00000000f0280000, 0x0000000100000000)
  eden space 62976K, 0% used [0x00000000eb580000,0x00000000eb580000,0x00000000ef300000)
  from space 7168K, 83% used [0x00000000efa80000,0x00000000f0056588,0x00000000f0180000)
  to   space 7680K, 0% used [0x00000000ef300000,0x00000000ef300000,0x00000000efa80000)
 ParOldGen       total 42496K, used 10600K [0x00000000c2000000, 0x00000000c4980000, 0x00000000eb580000)
  object space 42496K, 24% used [0x00000000c2000000,0x00000000c2a5a3d0,0x00000000c4980000)
 Metaspace       used 15755K, capacity 16058K, committed 16384K, reserved 1062912K
  class space    used 1881K, capacity 2013K, committed 2048K, reserved 1048576K
}
Event: 4.123 GC heap before
{Heap before GC invocations=7 (full 0):
 PSYoungGen      total 70144K, used 68953K [0x00000000eb580000, 0x00000000f0280000, 0x0000000100000000)
  eden space 62976K, 100% used [0x00000000eb580000,0x00000000ef300000,0x00000000ef300000)
  from space 7168K, 83% used [0x00000000efa80000,0x00000000f0056588,0x00000000f0180000)
  to   space 7680K, 0% used [0x00000000ef300000,0x00000000ef300000,0x00000000efa80000)
 ParOldGen       total 42496K, used 10600K [0x00000000c2000000, 0x00000000c4980000, 0x00000000eb580000)
  object space 42496K, 24% used [0x00000000c2000000,0x00000000c2a5a3d0,0x00000000c4980000)
 Metaspace       used 16364K, capacity 16664K, committed 16896K, reserved 1064960K
  class space    used 1909K, capacity 2018K, committed 2048K, reserved 1048576K
Event: 4.145 GC heap after
Heap after GC invocations=7 (full 0):
 PSYoungGen      total 70656K, used 7680K [0x00000000eb580000, 0x00000000f4580000, 0x0000000100000000)
  eden space 62976K, 0% used [0x00000000eb580000,0x00000000eb580000,0x00000000ef300000)
  from space 7680K, 100% used [0x00000000ef300000,0x00000000efa80000,0x00000000efa80000)
  to   space 10752K, 0% used [0x00000000f3b00000,0x00000000f3b00000,0x00000000f4580000)
 ParOldGen       total 42496K, used 14224K [0x00000000c2000000, 0x00000000c4980000, 0x00000000eb580000)
  object space 42496K, 33% used [0x00000000c2000000,0x00000000c2de41a0,0x00000000c4980000)
 Metaspace       used 16364K, capacity 16664K, committed 16896K, reserved 1064960K
  class space    used 1909K, capacity 2018K, committed 2048K, reserved 1048576K
}

