# JRE version: Java(TM) SE Runtime Environment (8.0_251-b08) (build 1.8.0_251-b08)
# Java VM: Java HotSpot(TM) 64-Bit Server VM (25.251-b08 mixed mode windows-amd64 compressed oops)
Heap:
 PSYoungGen      total 137216K, used 26290K [0x00000000eb580000, 0x00000000f4780000, 0x0000000100000000)
  eden space 126464K, 14% used [0x00000000eb580000,0x00000000ec6d18c0,0x00000000f3100000)
  from space 10752K, 79% used [0x00000000f3c00000,0x00000000f445b018,0x00000000f4680000)
  to   space 11264K, 0% used [0x00000000f3100000,0x00000000f3100000,0x00000000f3c00000)
 ParOldGen       total 42496K, used 17071K [0x00000000c2000000, 0x00000000c4980000, 0x00000000eb580000)
  object space 42496K, 40% used [0x00000000c2000000,0x00000000c30abdb8,0x00000000c4980000)
 Metaspace       used 19389K, capacity 19788K, committed 20096K, reserved 1067008K
  class space    used 2227K, capacity 2378K, committed 2432K, reserved 1048576K
GC Heap History (10 events):
Event: 1.911 GC heap before
{Heap before GC invocations=2 (full 0):
 PSYoungGen      total 18432K, used 18411K [0x00000000eb580000, 0x00000000ed980000, 0x0000000100000000)
  eden space 15872K, 100% used [0x00000000eb580000,0x00000000ec500000,0x00000000ec500000)
  from space 2560K, 99% used [0x00000000ec500000,0x00000000ec77ae48,0x00000000ec780000)
  to   space 2560K, 0% used [0x00000000ed700000,0x00000000ed700000,0x00000000ed980000)
 ParOldGen       total 42496K, used 898K [0x00000000c2000000, 0x00000000c4980000, 0x00000000eb580000)
  object space 42496K, 2% used [0x00000000c2000000,0x00000000c20e0a20,0x00000000c4980000)
 Metaspace       used 8864K, capacity 9060K, committed 9088K, reserved 1056768K
  class space    used 1063K, capacity 1152K, committed 1152K, reserved 1048576K
Event: 1.916 GC heap after
Heap after GC invocations=2 (full 0):
 PSYoungGen      total 34304K, used 2528K [0x00000000eb580000, 0x00000000ed980000, 0x0000000100000000)
  eden space 31744K, 0% used [0x00000000eb580000,0x00000000eb580000,0x00000000ed480000)
  from space 2560K, 98% used [0x00000000ed700000,0x00000000ed978098,0x00000000ed980000)
  to   space 2560K, 0% used [0x00000000ed480000,0x00000000ed480000,0x00000000ed700000)
 ParOldGen       total 42496K, used 1747K [0x00000000c2000000, 0x00000000c4980000, 0x00000000eb580000)
  object space 42496K, 4% used [0x00000000c2000000,0x00000000c21b4c68,0x00000000c4980000)
 Metaspace       used 8864K, capacity 9060K, committed 9088K, reserved 1056768K
  class space    used 1063K, capacity 1152K, committed 1152K, reserved 1048576K
}
Event: 2.517 GC heap before
{Heap before GC invocations=3 (full 0):
 PSYoungGen      total 34304K, used 34272K [0x00000000eb580000, 0x00000000ed980000, 0x0000000100000000)
  eden space 31744K, 100% used [0x00000000eb580000,0x00000000ed480000,0x00000000ed480000)
  from space 2560K, 98% used [0x00000000ed700000,0x00000000ed978098,0x00000000ed980000)
  to   space 2560K, 0% used [0x00000000ed480000,0x00000000ed480000,0x00000000ed700000)
 ParOldGen       total 42496K, used 1747K [0x00000000c2000000, 0x00000000c4980000, 0x00000000eb580000)
  object space 42496K, 4% used [0x00000000c2000000,0x00000000c21b4c68,0x00000000c4980000)
 Metaspace       used 12015K, capacity 12268K, committed 12416K, reserved 1060864K
  class space    used 1457K, capacity 1580K, committed 1664K, reserved 1048576K
Event: 2.527 GC heap after
Heap after GC invocations=3 (full 0):
 PSYoungGen      total 34304K, used 2560K [0x00000000eb580000, 0x00000000ef880000, 0x0000000100000000)
  eden space 31744K, 0% used [0x00000000eb580000,0x00000000eb580000,0x00000000ed480000)
  from space 2560K, 100% used [0x00000000ed480000,0x00000000ed700000,0x00000000ed700000)
  to   space 2560K, 0% used [0x00000000ef600000,0x00000000ef600000,0x00000000ef880000)
 ParOldGen       total 42496K, used 5740K [0x00000000c2000000, 0x00000000c4980000, 0x00000000eb580000)
  object space 42496K, 13% used [0x00000000c2000000,0x00000000c259b360,0x00000000c4980000)
 Metaspace       used 12015K, capacity 12268K, committed 12416K, reserved 1060864K
  class space    used 1457K, capacity 1580K, committed 1664K, reserved 1048576K
}
Event: 3.374 GC heap before
{Heap before GC invocations=4 (full 0):
 PSYoungGen      total 34304K, used 34304K [0x00000000eb580000, 0x00000000ef880000, 0x0000000100000000)
  eden space 31744K, 100% used [0x00000000eb580000,0x00000000ed480000,0x00000000ed480000)
  from space 2560K, 100% used [0x00000000ed480000,0x00000000ed700000,0x00000000ed700000)
  to   space 2560K, 0% used [0x00000000ef600000,0x00000000ef600000,0x00000000ef880000)
 ParOldGen       total 42496K, used 5740K [0x00000000c2000000, 0x00000000c4980000, 0x00000000eb580000)
  object space 42496K, 13% used [0x00000000c2000000,0x00000000c259b360,0x00000000c4980000)
 Metaspace       used 15375K, capacity 15632K, committed 15872K, reserved 1062912K
  class space    used 1871K, capacity 1980K, committed 2048K, reserved 1048576K
Event: 3.385 GC heap after
Heap after GC invocations=4 (full 0):
 PSYoungGen      total 66048K, used 2528K [0x00000000eb580000, 0x00000000ef880000, 0x0000000100000000)
  eden space 63488K, 0% used [0x00000000eb580000,0x00000000eb580000,0x00000000ef380000)
  from space 2560K, 98% used [0x00000000ef600000,0x00000000ef878040,0x00000000ef880000)
  to   space 2560K, 0% used [0x00000000ef380000,0x00000000ef380000,0x00000000ef600000)
 ParOldGen       total 42496K, used 10534K [0x00000000c2000000, 0x00000000c4980000, 0x00000000eb580000)
  object space 42496K, 24% used [0x00000000c2000000,0x00000000c2a49ba8,0x00000000c4980000)
 Metaspace       used 15375K, capacity 15632K, committed 15872K, reserved 1062912K
  class space    used 1871K, capacity 1980K, committed 2048K, reserved 1048576K
}
Event: 3.995 GC heap before
{Heap before GC invocations=5 (full 0):
 PSYoungGen      total 66048K, used 66016K [0x00000000eb580000, 0x00000000ef880000, 0x0000000100000000)
  eden space 63488K, 100% used [0x00000000eb580000,0x00000000ef380000,0x00000000ef380000)
  from space 2560K, 98% used [0x00000000ef600000,0x00000000ef878040,0x00000000ef880000)
  to   space 2560K, 0% used [0x00000000ef380000,0x00000000ef380000,0x00000000ef600000)
 ParOldGen       total 42496K, used 10534K [0x00000000c2000000, 0x00000000c4980000, 0x00000000eb580000)
  object space 42496K, 24% used [0x00000000c2000000,0x00000000c2a49ba8,0x00000000c4980000)
 Metaspace       used 15990K, capacity 16246K, committed 16384K, reserved 1062912K
  class space    used 1889K, capacity 2013K, committed 2048K, reserved 1048576K
Event: 4.005 GC heap after
Heap after GC invocations=5 (full 0):
 PSYoungGen      total 66048K, used 2544K [0x00000000eb580000, 0x00000000f4680000, 0x0000000100000000)
  eden space 63488K, 0% used [0x00000000eb580000,0x00000000eb580000,0x00000000ef380000)
  from space 2560K, 99% used [0x00000000ef380000,0x00000000ef5fc010,0x00000000ef600000)
  to   space 10752K, 0% used [0x00000000f3c00000,0x00000000f3c00000,0x00000000f4680000)
 ParOldGen       total 42496K, used 17063K [0x00000000c2000000, 0x00000000c4980000, 0x00000000eb580000)
  object space 42496K, 40% used [0x00000000c2000000,0x00000000c30a9db8,0x00000000c4980000)
 Metaspace       used 15990K, capacity 16246K, committed 16384K, reserved 1062912K
  class space    used 1889K, capacity 2013K, committed 2048K, reserved 1048576K
}
Event: 4.697 GC heap before
{Heap before GC invocations=6 (full 0):
 PSYoungGen      total 66048K, used 66032K [0x00000000eb580000, 0x00000000f4680000, 0x0000000100000000)
  eden space 63488K, 100% used [0x00000000eb580000,0x00000000ef380000,0x00000000ef380000)
  from space 2560K, 99% used [0x00000000ef380000,0x00000000ef5fc010,0x00000000ef600000)
  to   space 10752K, 0% used [0x00000000f3c00000,0x00000000f3c00000,0x00000000f4680000)
 ParOldGen       total 42496K, used 17063K [0x00000000c2000000, 0x00000000c4980000, 0x00000000eb580000)
  object space 42496K, 40% used [0x00000000c2000000,0x00000000c30a9db8,0x00000000c4980000)
 Metaspace       used 17741K, capacity 18156K, committed 18432K, reserved 1064960K
  class space    used 2065K, capacity 2218K, committed 2304K, reserved 1048576K
Event: 4.706 GC heap after
Heap after GC invocations=6 (full 0):
 PSYoungGen      total 137216K, used 8556K [0x00000000eb580000, 0x00000000f4780000, 0x0000000100000000)
  eden space 126464K, 0% used [0x00000000eb580000,0x00000000eb580000,0x00000000f3100000)
  from space 10752K, 79% used [0x00000000f3c00000,0x00000000f445b018,0x00000000f4680000)
  to   space 11264K, 0% used [0x00000000f3100000,0x00000000f3100000,0x00000000f3c00000)
 ParOldGen       total 42496K, used 17071K [0x00000000c2000000, 0x00000000c4980000, 0x00000000eb580000)
  object space 42496K, 40% used [0x00000000c2000000,0x00000000c30abdb8,0x00000000c4980000)
 Metaspace       used 17741K, capacity 18156K, committed 18432K, reserved 1064960K
  class space    used 2065K, capacity 2218K, committed 2304K, reserved 1048576K
}

