# JRE version: Java(TM) SE Runtime Environment (8.0_251-b08) (build 1.8.0_251-b08)
# Java VM: Java HotSpot(TM) 64-Bit Server VM (25.251-b08 mixed mode windows-amd64 compressed oops)
Heap:
 PSYoungGen      total 37888K, used 7262K [0x00000000eb580000, 0x00000000eff80000, 0x0000000100000000)
  eden space 31232K, 1% used [0x00000000eb580000,0x00000000eb61bb18,0x00000000ed400000)
  from space 6656K, 99% used [0x00000000ef900000,0x00000000eff7c030,0x00000000eff80000)
  to   space 6144K, 0% used [0x00000000ed400000,0x00000000ed400000,0x00000000eda00000)
 ParOldGen       total 42496K, used 11577K [0x00000000c2000000, 0x00000000c4980000, 0x00000000eb580000)
  object space 42496K, 27% used [0x00000000c2000000,0x00000000c2b4e728,0x00000000c4980000)
 Metaspace       used 15908K, capacity 16198K, committed 16384K, reserved 1062912K
  class space    used 1889K, capacity 2013K, committed 2048K, reserved 1048576K
GC Heap History (10 events):
Event: 1.875 GC heap before
{Heap before GC invocations=3 (full 0):
 PSYoungGen      total 18432K, used 18406K [0x00000000eb580000, 0x00000000eca00000, 0x0000000100000000)
  eden space 15872K, 100% used [0x00000000eb580000,0x00000000ec500000,0x00000000ec500000)
  from space 2560K, 99% used [0x00000000ec780000,0x00000000ec9f9ba0,0x00000000eca00000)
  to   space 2560K, 0% used [0x00000000ec500000,0x00000000ec500000,0x00000000ec780000)
 ParOldGen       total 42496K, used 1853K [0x00000000c2000000, 0x00000000c4980000, 0x00000000eb580000)
  object space 42496K, 4% used [0x00000000c2000000,0x00000000c21cf5c0,0x00000000c4980000)
 Metaspace       used 10240K, capacity 10444K, committed 10624K, reserved 1058816K
  class space    used 1220K, capacity 1285K, committed 1408K, reserved 1048576K
Event: 1.878 GC heap after
Heap after GC invocations=3 (full 0):
 PSYoungGen      total 18432K, used 2533K [0x00000000eb580000, 0x00000000eca00000, 0x0000000100000000)
  eden space 15872K, 0% used [0x00000000eb580000,0x00000000eb580000,0x00000000ec500000)
  from space 2560K, 98% used [0x00000000ec500000,0x00000000ec779518,0x00000000ec780000)
  to   space 2560K, 0% used [0x00000000ec780000,0x00000000ec780000,0x00000000eca00000)
 ParOldGen       total 42496K, used 3724K [0x00000000c2000000, 0x00000000c4980000, 0x00000000eb580000)
  object space 42496K, 8% used [0x00000000c2000000,0x00000000c23a32c0,0x00000000c4980000)
 Metaspace       used 10240K, capacity 10444K, committed 10624K, reserved 1058816K
  class space    used 1220K, capacity 1285K, committed 1408K, reserved 1048576K
}
Event: 2.235 GC heap before
{Heap before GC invocations=4 (full 0):
 PSYoungGen      total 18432K, used 18405K [0x00000000eb580000, 0x00000000eca00000, 0x0000000100000000)
  eden space 15872K, 100% used [0x00000000eb580000,0x00000000ec500000,0x00000000ec500000)
  from space 2560K, 98% used [0x00000000ec500000,0x00000000ec779518,0x00000000ec780000)
  to   space 2560K, 0% used [0x00000000ec780000,0x00000000ec780000,0x00000000eca00000)
 ParOldGen       total 42496K, used 3724K [0x00000000c2000000, 0x00000000c4980000, 0x00000000eb580000)
  object space 42496K, 8% used [0x00000000c2000000,0x00000000c23a32c0,0x00000000c4980000)
 Metaspace       used 12045K, capacity 12288K, committed 12416K, reserved 1060864K
  class space    used 1465K, capacity 1580K, committed 1664K, reserved 1048576K
Event: 2.241 GC heap after
Heap after GC invocations=4 (full 0):
 PSYoungGen      total 18432K, used 2528K [0x00000000eb580000, 0x00000000ed980000, 0x0000000100000000)
  eden space 15872K, 0% used [0x00000000eb580000,0x00000000eb580000,0x00000000ec500000)
  from space 2560K, 98% used [0x00000000ec780000,0x00000000ec9f8020,0x00000000eca00000)
  to   space 2560K, 0% used [0x00000000ec500000,0x00000000ec500000,0x00000000ec780000)
 ParOldGen       total 42496K, used 5878K [0x00000000c2000000, 0x00000000c4980000, 0x00000000eb580000)
  object space 42496K, 13% used [0x00000000c2000000,0x00000000c25bdb88,0x00000000c4980000)
 Metaspace       used 12045K, capacity 12288K, committed 12416K, reserved 1060864K
  class space    used 1465K, capacity 1580K, committed 1664K, reserved 1048576K
}
Event: 2.762 GC heap before
{Heap before GC invocations=5 (full 0):
 PSYoungGen      total 18432K, used 18400K [0x00000000eb580000, 0x00000000ed980000, 0x0000000100000000)
  eden space 15872K, 100% used [0x00000000eb580000,0x00000000ec500000,0x00000000ec500000)
  from space 2560K, 98% used [0x00000000ec780000,0x00000000ec9f8020,0x00000000eca00000)
  to   space 2560K, 0% used [0x00000000ec500000,0x00000000ec500000,0x00000000ec780000)
 ParOldGen       total 42496K, used 5878K [0x00000000c2000000, 0x00000000c4980000, 0x00000000eb580000)
  object space 42496K, 13% used [0x00000000c2000000,0x00000000c25bdb88,0x00000000c4980000)
 Metaspace       used 13888K, capacity 14120K, committed 14464K, reserved 1062912K
  class space    used 1718K, capacity 1816K, committed 1920K, reserved 1048576K
Event: 2.775 GC heap after
Heap after GC invocations=5 (full 0):
 PSYoungGen      total 18432K, used 2528K [0x00000000eb580000, 0x00000000edf80000, 0x0000000100000000)
  eden space 15872K, 0% used [0x00000000eb580000,0x00000000eb580000,0x00000000ec500000)
  from space 2560K, 98% used [0x00000000ec500000,0x00000000ec778040,0x00000000ec780000)
  to   space 5632K, 0% used [0x00000000eda00000,0x00000000eda00000,0x00000000edf80000)
 ParOldGen       total 42496K, used 8131K [0x00000000c2000000, 0x00000000c4980000, 0x00000000eb580000)
  object space 42496K, 19% used [0x00000000c2000000,0x00000000c27f0f28,0x00000000c4980000)
 Metaspace       used 13888K, capacity 14120K, committed 14464K, reserved 1062912K
  class space    used 1718K, capacity 1816K, committed 1920K, reserved 1048576K
}
Event: 3.306 GC heap before
{Heap before GC invocations=6 (full 0):
 PSYoungGen      total 18432K, used 18400K [0x00000000eb580000, 0x00000000edf80000, 0x0000000100000000)
  eden space 15872K, 100% used [0x00000000eb580000,0x00000000ec500000,0x00000000ec500000)
  from space 2560K, 98% used [0x00000000ec500000,0x00000000ec778040,0x00000000ec780000)
  to   space 5632K, 0% used [0x00000000eda00000,0x00000000eda00000,0x00000000edf80000)
 ParOldGen       total 42496K, used 8131K [0x00000000c2000000, 0x00000000c4980000, 0x00000000eb580000)
  object space 42496K, 19% used [0x00000000c2000000,0x00000000c27f0f28,0x00000000c4980000)
 Metaspace       used 15345K, capacity 15648K, committed 15872K, reserved 1062912K
  class space    used 1871K, capacity 1980K, committed 2048K, reserved 1048576K
Event: 3.330 GC heap after
Heap after GC invocations=6 (full 0):
 PSYoungGen      total 36864K, used 5118K [0x00000000eb580000, 0x00000000ee080000, 0x0000000100000000)
  eden space 31232K, 0% used [0x00000000eb580000,0x00000000eb580000,0x00000000ed400000)
  from space 5632K, 90% used [0x00000000eda00000,0x00000000edeff9b0,0x00000000edf80000)
  to   space 6144K, 0% used [0x00000000ed400000,0x00000000ed400000,0x00000000eda00000)
 ParOldGen       total 42496K, used 8139K [0x00000000c2000000, 0x00000000c4980000, 0x00000000eb580000)
  object space 42496K, 19% used [0x00000000c2000000,0x00000000c27f2f28,0x00000000c4980000)
 Metaspace       used 15345K, capacity 15648K, committed 15872K, reserved 1062912K
  class space    used 1871K, capacity 1980K, committed 2048K, reserved 1048576K
}
Event: 3.847 GC heap before
{Heap before GC invocations=7 (full 0):
 PSYoungGen      total 36864K, used 36350K [0x00000000eb580000, 0x00000000ee080000, 0x0000000100000000)
  eden space 31232K, 100% used [0x00000000eb580000,0x00000000ed400000,0x00000000ed400000)
  from space 5632K, 90% used [0x00000000eda00000,0x00000000edeff9b0,0x00000000edf80000)
  to   space 6144K, 0% used [0x00000000ed400000,0x00000000ed400000,0x00000000eda00000)
 ParOldGen       total 42496K, used 8139K [0x00000000c2000000, 0x00000000c4980000, 0x00000000eb580000)
  object space 42496K, 19% used [0x00000000c2000000,0x00000000c27f2f28,0x00000000c4980000)
 Metaspace       used 15703K, capacity 16006K, committed 16128K, reserved 1062912K
  class space    used 1881K, capacity 2013K, committed 2048K, reserved 1048576K
Event: 3.872 GC heap after
Heap after GC invocations=7 (full 0):
 PSYoungGen      total 37376K, used 5929K [0x00000000eb580000, 0x00000000eff80000, 0x0000000100000000)
  eden space 31232K, 0% used [0x00000000eb580000,0x00000000eb580000,0x00000000ed400000)
  from space 6144K, 96% used [0x00000000ed400000,0x00000000ed9ca598,0x00000000eda00000)
  to   space 6656K, 0% used [0x00000000ef900000,0x00000000ef900000,0x00000000eff80000)
 ParOldGen       total 42496K, used 9379K [0x00000000c2000000, 0x00000000c4980000, 0x00000000eb580000)
  object space 42496K, 22% used [0x00000000c2000000,0x00000000c2928fb8,0x00000000c4980000)
 Metaspace       used 15703K, capacity 16006K, committed 16128K, reserved 1062912K
  class space    used 1881K, capacity 2013K, committed 2048K, reserved 1048576K
}

